[09Sep2025 00:03:21.125] [Server thread/INFO] [net.minecraft.server.players.PlayerList/]: Kilkov_[/100.73.15.23:63495] logged in with entity id 93925 at (810.8241277755332, 117.875, 3908.121028478315)
[09Sep2025 00:03:21.138] [Server thread/INFO] [net.minecraft.server.MinecraftServer/]: Kilkov_ joined the game
[09Sep2025 00:03:21.141] [Server thread/INFO] [Jade/]: Syncing config to Kilkov_ (fd11f1bc-128d-327c-9492-ee343c5d3297)
[09Sep2025 00:13:05.423] [Server thread/INFO] [net.minecraft.server.MinecraftServer/]: [Konnorcito: Teleported Konnorcito to Kilkov_]
[09Sep2025 00:19:15.348] [Server thread/ERROR] [net.minecraft.Util/]: POI data mismatch: already registered at BlockPos{x=-655, y=-17, z=-564}
[09Sep2025 00:19:15.349] [Server thread/ERROR] [net.minecraft.Util/]: POI data mismatch: already registered at BlockPos{x=-654, y=-17, z=-564}
[09Sep2025 00:19:33.444] [Server thread/ERROR] [net.minecraft.Util/]: POI data mismatch: already registered at BlockPos{x=-720, y=-50, z=-710}
[09Sep2025 00:19:48.386] [Server thread/ERROR] [net.minecraft.Util/]: POI data mismatch: already registered at BlockPos{x=-779, y=-50, z=-516}
[09Sep2025 00:19:48.387] [Server thread/ERROR] [net.minecraft.Util/]: POI data mismatch: already registered at BlockPos{x=-779, y=-50, z=-514}
[09Sep2025 00:19:53.681] [Server thread/INFO] [net.minecraft.server.MinecraftServer/]: [Kilkov_: Set own game mode to Creative Mode]
[09Sep2025 00:19:56.533] [Server thread/INFO] [net.minecraft.server.MinecraftServer/]: [Kilkov_: Set own game mode to Survival Mode]
[09Sep2025 00:20:10.356] [Server thread/INFO] [net.minecraft.server.MinecraftServer/]: [Kilkov_: Set own game mode to Creative Mode]
[09Sep2025 00:20:33.175] [Server thread/INFO] [net.minecraft.server.MinecraftServer/]: [Kilkov_: Set own game mode to Survival Mode]
[09Sep2025 00:21:06.133] [Worker-Main-2/WARN] [net.minecraft.server.level.WorldGenRegion/]: Tried to access a block entity before it was created. BlockPos{x=-657, y=-27, z=-353}
[09Sep2025 00:21:06.134] [Worker-Main-2/WARN] [net.minecraft.server.level.WorldGenRegion/]: Tried to access a block entity before it was created. BlockPos{x=-657, y=-27, z=-353}
[09Sep2025 00:21:06.134] [Worker-Main-2/WARN] [net.minecraft.server.level.WorldGenRegion/]: Tried to access a block entity before it was created. BlockPos{x=-657, y=-27, z=-353}
[09Sep2025 00:21:17.591] [Server thread/INFO] [net.minecraft.server.MinecraftServer/]: [Kilkov_: Set own game mode to Creative Mode]
[09Sep2025 00:21:24.631] [Server thread/ERROR] [net.minecraft.Util/]: POI data mismatch: already registered at BlockPos{x=-955, y=-47, z=-303}
[09Sep2025 00:21:28.436] [Server thread/INFO] [net.minecraft.server.MinecraftServer/]: [Kilkov_: Set own game mode to Survival Mode]
[09Sep2025 00:21:32.422] [Server thread/INFO] [net.minecraft.server.MinecraftServer/]: [Kilkov_: Set own game mode to Creative Mode]
[09Sep2025 00:21:36.911] [Server thread/INFO] [net.minecraft.server.MinecraftServer/]: [Kilkov_: Set own game mode to Survival Mode]
[09Sep2025 00:21:42.934] [Server thread/ERROR] [net.minecraft.Util/]: POI data mismatch: already registered at BlockPos{x=-824, y=-8, z=-213}
[09Sep2025 00:21:47.086] [Server thread/ERROR] [net.minecraft.Util/]: POI data mismatch: already registered at BlockPos{x=-983, y=-49, z=-197}
[09Sep2025 00:21:47.086] [Server thread/ERROR] [net.minecraft.Util/]: POI data mismatch: already registered at BlockPos{x=-982, y=-49, z=-197}
[09Sep2025 00:21:49.634] [Server thread/ERROR] [net.minecraft.Util/]: POI data mismatch: already registered at BlockPos{x=-881, y=-7, z=-175}
[09Sep2025 00:21:49.635] [Server thread/ERROR] [net.minecraft.Util/]: POI data mismatch: already registered at BlockPos{x=-883, y=-7, z=-175}
[09Sep2025 00:21:59.281] [Server thread/ERROR] [net.minecraft.Util/]: POI data mismatch: already registered at BlockPos{x=-967, y=6, z=-166}
[09Sep2025 00:22:04.588] [Server thread/INFO] [net.minecraft.server.MinecraftServer/]: [Kilkov_: Set own game mode to Creative Mode]
[09Sep2025 00:22:06.074] [Server thread/INFO] [net.minecraft.server.MinecraftServer/]: [Kilkov_: Set own game mode to Survival Mode]
[09Sep2025 00:22:08.027] [Server thread/ERROR] [net.minecraft.Util/]: POI data mismatch: already registered at BlockPos{x=-755, y=2, z=-114}
[09Sep2025 00:22:10.886] [Server thread/INFO] [net.minecraft.server.MinecraftServer/]: [Kilkov_: Set own game mode to Creative Mode]
[09Sep2025 00:22:12.545] [Server thread/INFO] [net.minecraft.server.MinecraftServer/]: [Kilkov_: Set own game mode to Survival Mode]
[09Sep2025 00:22:14.784] [Server thread/INFO] [net.minecraft.server.MinecraftServer/]: [Kilkov_: Set own game mode to Creative Mode]
[09Sep2025 00:22:16.049] [Server thread/INFO] [net.minecraft.server.MinecraftServer/]: [Kilkov_: Set own game mode to Survival Mode]
[09Sep2025 00:22:34.986] [Server thread/INFO] [net.minecraft.server.players.PlayerList/]: KodaMakuin[/100.74.147.57:62828] logged in with entity id 103889 at (839.5346044278369, 118.0, 4061.2598901103174)
[09Sep2025 00:22:34.997] [Server thread/INFO] [net.minecraft.server.MinecraftServer/]: KodaMakuin joined the game
[09Sep2025 00:22:35.022] [Server thread/INFO] [Jade/]: Syncing config to KodaMakuin (9cd64dad-55f5-368e-803f-20bf10a5a03a)
[09Sep2025 00:22:46.527] [Server thread/INFO] [net.minecraft.server.MinecraftServer/]: [Kilkov_: Set own game mode to Creative Mode]
[09Sep2025 00:22:48.089] [Server thread/INFO] [net.minecraft.server.MinecraftServer/]: [Kilkov_: Set own game mode to Survival Mode]
[09Sep2025 00:22:50.593] [Server thread/INFO] [net.minecraft.server.MinecraftServer/]: [Kilkov_: Set own game mode to Creative Mode]
[09Sep2025 00:22:52.076] [Server thread/INFO] [net.minecraft.server.MinecraftServer/]: [Kilkov_: Set own game mode to Survival Mode]
[09Sep2025 00:23:06.240] [Server thread/INFO] [net.minecraft.server.MinecraftServer/]: [Kilkov_: Set own game mode to Creative Mode]
[09Sep2025 00:23:07.536] [Server thread/INFO] [net.minecraft.server.MinecraftServer/]: [Kilkov_: Set own game mode to Survival Mode]
[09Sep2025 00:23:11.248] [Server thread/INFO] [net.minecraft.server.MinecraftServer/]: [Kilkov_: Set own game mode to Creative Mode]
[09Sep2025 00:23:12.592] [Server thread/INFO] [net.minecraft.server.MinecraftServer/]: [Kilkov_: Set own game mode to Survival Mode]
[09Sep2025 00:24:15.479] [Server thread/INFO] [net.minecraft.server.MinecraftServer/]: [Konnorcito: Teleported Konnorcito to KodaMakuin]
